13881
117224
35649
710
2990
24218
1180
6649
23907
17599
16356
7551
8990
23926
8
1712
15716
2382
1364
20534
34063
23569
3704
8702
7639
3054
52437
1758
266
9712
28534
15627
98660
2869
5188
94037
1114
82594
1186
44828
8093
6245
518
27390
13657
182
190
17899
37174
0
8804
84950
12029
12606
1380
3969
3750
2
29374
16978
1801
106
7891
277
718
1865
79264
33470
263
70834
25228
381
26250
55828
25782
79070
2090
11558
81219
32980
28180
23165
5997
41912
27641
6601
432
10905
62772
30201
2709
76570
73481
31650
45078
24009
39068
113632
62750
1684
517
722
7647
2664
1053
34873
44651
330
5698
18281
919
72970
65296
70492
8879
12
4819
38575
2686
68
98005
1008
1059
10265
4029
11684
632
8977
33896
2036
26692
88922
4866
4656
20229
23463
89962
20241
41086
812
57363
178
139
54002
11272
64124
16
5344
546
28314
3
31037
22897
410
9088
1372
16664
8
4781
22733
1745
148
49066
57318
23480
42188
277
288
21352
14542
22300
30572
22548
7600
29419
4605
1489
481
48361
12061
25471
2704
5800
7768
12690
11608
7738
4724
41362
12524
112454
66496
9475
48594
304
10749
19664
15502
925
13450
11120
14876
26706
3086
39002
8212
42929
13862
12092
1452
9854
9886
54715
33597
32634
4520
3457
17842
22301
9081
80
3189
25908
67804
18464
19652
5854
91229
13534
3374
15729
72498
44210
47026
1816
34264
2512
12973
4608
1781
56544
22402
2510
5642
22
16680
12660
7206
48704
22
32155
826
33590
4634
2642
16432
36805
24230
31794
13481
14548
6764
68702
3844
10181
18570
28035
3077
20712
4056
1108
41582
17817
13452
5549
25174
25650
65849
5742
21226
24384
6023
34
108456
9481
2545
9680
15854
20686
23900
322
4630
37274
50594
42301
4049
29675
33608
31537
28856
5817
9146
926
18794
266
60817
3286
34501
76134
32443
545
17
46220
46916
188
11794
16678
3082
99574
5578
1332
63086
30585
25256
8440
14894
49217
47805
1262
4834
2232
4651
66856
39248
13962
2714
2454
47225
61360
87926
18996
55632
3524
28450
47822
44632
6604
14744
89
26732
36245
61713
4774
66340
4065
2638
62450
162
913
7037
44070
6754
31206
760
5169
40093
6232
67804
15859
28389
15586
31573
2852
15276
4017
107288
9237
27617
43918
12064
538
29800
72182
7826
1122
36391
23023
4202
10621
80202
94268
4116
17236
54761
83705
1590
3224
19644
49264
6673
7473
62564
4110
189
45623
36391
66187
3625
52028
69087
3009
26
53
848
16847
58043
4626
265
11306
5378
2829
17390
1362
26366
81416
3130
9
874
1577
27653
37456
44414
26022
25680
17607
996
52102
15842
19747
2237
8112
78275
65324
31050
13880
49320
11341
12676
4119
783
13872
39589
13543
200
76142
29312
303
1785
27940
4677
8992
1166
17839
11564
28966
16381
1504
2229
212
17341
32
15649
15273
1541
19228
80458
3154
2049
16582
19732
62386
171
7093
7581
69812
2
12484
1156
27390
705
17024
2368
42408
264
421
69700
61
33916
1485
22628
46004
25596
1435
4054
32177
4217
4021
8050
1569
88340
1753
94
2171
528
8311
25614
38325
54082
39679
92361
94956
641
57485
50
10424
22904
4880
17306
5222
70756
28826
10212
8685
32162
78286
7756
8570
1046
328
12012
12106
2122
400
13375
15
73412
3950
23824
17354
31459
42134
3432
10042
497
4080
1757
21268
26265
27180
113868
114
17925
17288
18357
39484
728
1263
16
13459
13142
5062
307
26372
130
4793
54205
2669
1081
78470
51747
31770
77184
84019
5136
39514
76300
109
16694
17138
19370
16
12733
108913
15236
13
6520
61950
14581
10878
2684
55037
21240
34390
33164
18104
47877
164
43368
2606
51322
26142
105225
38780
22
25711
689
2095
5426
32089
24128
13454
15314
15313
13820
67
906
73617
949
40593
77672
4062
66
28806
34685
2156
23269
104528
3560
7918
30390
17479
8128
2128
254
4692
5924
466
39143
884
2551
9
3576
2285
50676
94097
3480
808
2540
1904
23391
6346
21402
0
43998
48951
13324
80
532
20866
21812
14806
73371
8392
4917
891
10529
4486
10035
6123
6340
111504
16812
40400
20956
1976
153
6699
55222
12256
3657
8720
35661
10994
17310
104
3800
65261
47534
68
163
44983
13838
3187
32776
2083
4710
10621
1897
22423
30036
238
226
17410
123
56640
1309
1611
8132
39206
9072
10105
25
10219
4264
19220
43362
290
8686
5120
7220
300
764
6126
369
5713
76708
59934
7960
20444
10
94
157
71164
2600
25007
40988
6462
25574
63629
19558
2708
4820
25600
11636
55033
6121
982
57200
1041
66105
33169
3927
3171
16970
362
17797
1948
12148
52277
57650
38904
38080
21749
1845
15434
10410
949
5105
19674
5187
23081
1460
18269
2618
3082
24154
24913
35889
648
45608
32944
86062
3382
1240
778
46553
44871
15472
962
42238
15008
26288
12421
21595
21
82714
28097
19352
870
9642
3657
952
3054
2677
34854
1106
2930
1203
4489
65234
3579
3380
40014
1196
14456
56
3302
75829
9380
344
1542
29125
15841
8017
27824
6227
60332
51076
14622
1388
23482
23580
37179
52628
9368
1015
23569
4470
10410
18
28884
44149
14959
242
2623
586
24579
18
4
69302
4514
8561
2716
2357
51176
29824
51451
78792
82970
106
42842
22309
350
83508
81570
2865
73417
17326
266
47680
12886
17376
10797
14277
3664
9040
7597
9
9957
6492
5277
953
26536
37971
50574
46375
15472
5404
18444
5742
21913
2870
3657
190
56746
3064
1203
8526
20428
2800
14948
12133
2777
5152
2248
54472
3149
170
41845
8059
5129
2129
379
496
22288
109392
44
16416
61370
16690
18539
25838
38230
89323
18609
11363
2177
56197
43541
13868
297
1121
823
21280
1076
3314
52801
35838
36772
54582
1641
1777
7151
4747
770
12147
48938
11884
976
5630
43025
34
36821
6
50536
1596
8301
20329
77926
25297
60062
29
9259
703
66033
384
6461
3250
1506
244
30605
46914
102720
68148
20138
1154
9490
779
10297
1657
26825
37
4256
6070
4508
8564
16864
109
32
23026
